<?xml version="1.0" encoding="UTF-8"?>
<!-- Generated by org.testng.reporters.JUnitReportReporter -->
<testsuite hostname="192.168.1.6" failures="0" tests="1" name="tests.FlightSearchTest" time="296.552" errors="0" timestamp="2025-01-05T12:42:49 TRT" skipped="0">
  <testcase classname="tests.FlightSearchTest" name="Case1" time="296.552"/>
  <system-out/>
</testsuite> <!-- tests.FlightSearchTest -->
