<?xml version="1.0" encoding="UTF-8"?>
<!-- Generated by org.testng.reporters.JUnitReportReporter -->
<testsuite hostname="192.168.1.6" failures="0" tests="1" name="tests.FlightSearchTest2" time="284.288" errors="0" timestamp="2025-01-05T12:42:49 TRT" skipped="0">
  <testcase classname="tests.FlightSearchTest2" name="Case2" time="284.288"/>
  <system-out/>
</testsuite> <!-- tests.FlightSearchTest2 -->
